Using pre-set license
Built from '2020.3/staging' branch; Version is '2020.3.0f1 (c7b5465681fb) revision 13088070'; Using compiler version '192528614'; Build Type 'Release'
OS: 'Windows 10 Home; OS build 19042.1237; Version 2009; 64bit' Language: 'ko' Physical Memory: 7541 MB
BatchMode: 1, IsHumanControllingUs: 0, StartBugReporterOnCrash: 0, Is64bit: 1, IsPro: 0

 COMMAND LINE ARGUMENTS:
C:\Program Files\Unity\Hub\Editor\2020.3.0f1\Editor\Unity.exe
-adb2
-batchMode
-noUpm
-name
AssetImportWorker0
-projectPath
C:/UnityProject/fps
-logFile
Logs/AssetImportWorker0.log
-srvPort
57704
Successfully changed project path to: C:/UnityProject/fps
C:/UnityProject/fps
Using Asset Import Pipeline V2.
Refreshing native plugins compatible for Editor in 22.68 ms, found 0 plugins.
Preloading 0 native plugins for Editor in 0.00 ms.
Initialize engine version: 2020.3.0f1 (c7b5465681fb)
[Subsystems] Discovering subsystems at path C:/Program Files/Unity/Hub/Editor/2020.3.0f1/Editor/Data/Resources/UnitySubsystems
[Subsystems] Discovering subsystems at path C:/UnityProject/fps/Assets
GfxDevice: creating device client; threaded=0
Direct3D:
    Version:  Direct3D 11.0 [level 11.1]
    Renderer: AMD Radeon(TM) Graphics (ID=0x1636)
    Vendor:   
    VRAM:     3770 MB
    Driver:   27.20.21030.1005
Initialize mono
Mono path[0] = 'C:/Program Files/Unity/Hub/Editor/2020.3.0f1/Editor/Data/Managed'
Mono path[1] = 'C:/Program Files/Unity/Hub/Editor/2020.3.0f1/Editor/Data/MonoBleedingEdge/lib/mono/unityjit'
Mono config path = 'C:/Program Files/Unity/Hub/Editor/2020.3.0f1/Editor/Data/MonoBleedingEdge/etc'
Using monoOptions --debugger-agent=transport=dt_socket,embedding=1,server=y,suspend=n,address=127.0.0.1:56892
Begin MonoManager ReloadAssembly
Registering precompiled unity dll's ...
Register platform support module: C:/Program Files/Unity/Hub/Editor/2020.3.0f1/Editor/Data/PlaybackEngines/WindowsStandaloneSupport/UnityEditor.WindowsStandalone.Extensions.dll
Registered in 0.002203 seconds.
Native extension for WindowsStandalone target not found
Refreshing native plugins compatible for Editor in 19.99 ms, found 0 plugins.
Preloading 0 native plugins for Editor in 0.00 ms.
Invoked RoslynAnalysisRunner static constructor.
RoslynAnalysisRunner will not be running.
RoslynAnalysisRunner has terminated.
Mono: successfully reloaded assembly
- Completed reload, in  1.057 seconds
Platform modules already initialized, skipping
Registering precompiled user dll's ...
Registered in 0.000773 seconds.
Begin MonoManager ReloadAssembly
Native extension for WindowsStandalone target not found
Refreshing native plugins compatible for Editor in 0.29 ms, found 0 plugins.
Preloading 0 native plugins for Editor in 0.00 ms.
Invoked RoslynAnalysisRunner static constructor.
RoslynAnalysisRunner will not be running.
RoslynAnalysisRunner has terminated.
Mono: successfully reloaded assembly
- Completed reload, in  0.770 seconds
Platform modules already initialized, skipping
========================================================================
Worker process is ready to serve import requests
Launched and connected shader compiler UnityShaderCompiler.exe after 0.15 seconds
Refreshing native plugins compatible for Editor in 0.21 ms, found 0 plugins.
Preloading 0 native plugins for Editor in 0.00 ms.
Unloading 1115 Unused Serialized files (Serialized files now loaded: 0)
System memory in use before: 59.6 MB.
System memory in use after: 59.7 MB.

Unloading 10 unused Assets to reduce memory usage. Loaded Objects now: 1557.
Total: 1.854900 ms (FindLiveObjects: 0.243600 ms CreateObjectMapping: 0.060200 ms MarkObjects: 1.469800 ms  DeleteObjects: 0.079800 ms)

========================================================================
Received Import Request.
  path: Assets/Scripts/PlayerController.cs
  artifactKey: Guid(09a1d2a431ef63d45be1cdb7904d559a) Importer(815301076,1909f56bfc062723c751e8b465ee728b)
Start importing Assets/Scripts/PlayerController.cs using Guid(09a1d2a431ef63d45be1cdb7904d559a) Importer(815301076,1909f56bfc062723c751e8b465ee728b)  -> (artifact id: '3b5a9a997111bdf33b48b429498f61b5') in 0.041145 seconds
  Import took 0.044554 seconds .

========================================================================
Received Import Request.
  Time since last request: 0.000762 seconds.
  path: Assets/Scripts/PlayerMovement.cs
  artifactKey: Guid(d8b94bae9ddc0fc468e54b96a6dadd44) Importer(815301076,1909f56bfc062723c751e8b465ee728b)
Start importing Assets/Scripts/PlayerMovement.cs using Guid(d8b94bae9ddc0fc468e54b96a6dadd44) Importer(815301076,1909f56bfc062723c751e8b465ee728b)  -> (artifact id: '66e8fcc3e9f71c529b266cef4911edac') in 0.007977 seconds
  Import took 0.010443 seconds .

========================================================================
Received Import Request.
  Time since last request: 117.122677 seconds.
  path: Assets/Prefabs/GameWorld.prefab
  artifactKey: Guid(f76b2b1e7783705418818e8f1bca972c) Importer(815301076,1909f56bfc062723c751e8b465ee728b)
Start importing Assets/Prefabs/GameWorld.prefab using Guid(f76b2b1e7783705418818e8f1bca972c) Importer(815301076,1909f56bfc062723c751e8b465ee728b)  -> (artifact id: 'f090cf0ea211cb651adfa2c035d38bd1') in 0.109998 seconds
  Import took 0.113043 seconds .

========================================================================
Received Import Request.
  Time since last request: 0.000335 seconds.
  path: Assets/Prefabs/Player.prefab
  artifactKey: Guid(de981d8bbaff79a4b9431f8fcc33daba) Importer(815301076,1909f56bfc062723c751e8b465ee728b)
Start importing Assets/Prefabs/Player.prefab using Guid(de981d8bbaff79a4b9431f8fcc33daba) Importer(815301076,1909f56bfc062723c751e8b465ee728b)  -> (artifact id: 'f0936a0bcb03882fcf6ac58130179eb7') in 0.021884 seconds
  Import took 0.025050 seconds .

========================================================================
Received Import Request.
  Time since last request: 104.254985 seconds.
  path: Assets/Materials
  artifactKey: Guid(90188a496006e7e438eeecd4e33ffbcc) Importer(815301076,1909f56bfc062723c751e8b465ee728b)
Start importing Assets/Materials using Guid(90188a496006e7e438eeecd4e33ffbcc) Importer(815301076,1909f56bfc062723c751e8b465ee728b)  -> (artifact id: 'db3fddb28bd8cd0eb380872da3f2872e') in 0.013652 seconds
  Import took 0.016778 seconds .

========================================================================
Received Import Request.
  Time since last request: 0.069132 seconds.
  path: Assets/Materials/Ground.mat
  artifactKey: Guid(54f8b06a0a09f794dadef311afe0defc) Importer(815301076,1909f56bfc062723c751e8b465ee728b)
Start importing Assets/Materials/Ground.mat using Guid(54f8b06a0a09f794dadef311afe0defc) Importer(815301076,1909f56bfc062723c751e8b465ee728b)  -> (artifact id: '237356fb194f2dd9399da8086e6c303f') in 0.042040 seconds
  Import took 0.045421 seconds .

========================================================================
Received Import Request.
  Time since last request: 18.553087 seconds.
  path: Assets/Materials/Player.mat
  artifactKey: Guid(4dc5742a04649c34b88371b7d9e81b36) Importer(815301076,1909f56bfc062723c751e8b465ee728b)
Start importing Assets/Materials/Player.mat using Guid(4dc5742a04649c34b88371b7d9e81b36) Importer(815301076,1909f56bfc062723c751e8b465ee728b)  -> (artifact id: 'fed2fb35744c48710ff10bad4d138d87') in 0.019592 seconds
  Import took 0.023752 seconds .

========================================================================
Received Import Request.
  Time since last request: 100.976910 seconds.
  path: Assets/Scripts/CharcterMovement.cs
  artifactKey: Guid(82e4a546ce0dfdf46ad59743e74858a8) Importer(815301076,1909f56bfc062723c751e8b465ee728b)
Start importing Assets/Scripts/CharcterMovement.cs using Guid(82e4a546ce0dfdf46ad59743e74858a8) Importer(815301076,1909f56bfc062723c751e8b465ee728b)  -> (artifact id: '48c0b00b4fc455f7993397a4e9c2e38d') in 0.014341 seconds
  Import took 0.018900 seconds .

========================================================================
Received Prepare
Registering precompiled user dll's ...
Registered in 0.000761 seconds.
Begin MonoManager ReloadAssembly
Native extension for WindowsStandalone target not found
Refreshing native plugins compatible for Editor in 0.34 ms, found 0 plugins.
Preloading 0 native plugins for Editor in 0.00 ms.
Invoked RoslynAnalysisRunner static constructor.
RoslynAnalysisRunner will not be running.
RoslynAnalysisRunner has terminated.
Mono: successfully reloaded assembly
- Completed reload, in  0.756 seconds
Platform modules already initialized, skipping
Refreshing native plugins compatible for Editor in 0.22 ms, found 0 plugins.
Preloading 0 native plugins for Editor in 0.00 ms.
Unloading 1111 Unused Serialized files (Serialized files now loaded: 0)
System memory in use before: 63.0 MB.
System memory in use after: 63.0 MB.

Unloading 6 unused Assets to reduce memory usage. Loaded Objects now: 1603.
Total: 2.526200 ms (FindLiveObjects: 0.261500 ms CreateObjectMapping: 0.098800 ms MarkObjects: 2.097500 ms  DeleteObjects: 0.066600 ms)

========================================================================
Received Prepare
Registering precompiled user dll's ...
Registered in 0.001894 seconds.
Begin MonoManager ReloadAssembly
Native extension for WindowsStandalone target not found
Refreshing native plugins compatible for Editor in 0.45 ms, found 0 plugins.
Preloading 0 native plugins for Editor in 0.00 ms.
Invoked RoslynAnalysisRunner static constructor.
RoslynAnalysisRunner will not be running.
RoslynAnalysisRunner has terminated.
Mono: successfully reloaded assembly
- Completed reload, in  1.060 seconds
Platform modules already initialized, skipping
Refreshing native plugins compatible for Editor in 0.31 ms, found 0 plugins.
Preloading 0 native plugins for Editor in 0.00 ms.
Unloading 1111 Unused Serialized files (Serialized files now loaded: 0)
System memory in use before: 63.0 MB.
System memory in use after: 63.0 MB.

Unloading 5 unused Assets to reduce memory usage. Loaded Objects now: 1606.
Total: 2.739700 ms (FindLiveObjects: 0.317300 ms CreateObjectMapping: 0.063300 ms MarkObjects: 2.293700 ms  DeleteObjects: 0.062800 ms)

========================================================================
Received Import Request.
  Time since last request: 40.996853 seconds.
  path: Assets/Scripts/CharacterMovement.cs
  artifactKey: Guid(82e4a546ce0dfdf46ad59743e74858a8) Importer(815301076,1909f56bfc062723c751e8b465ee728b)
Start importing Assets/Scripts/CharacterMovement.cs using Guid(82e4a546ce0dfdf46ad59743e74858a8) Importer(815301076,1909f56bfc062723c751e8b465ee728b)  -> (artifact id: '863b06a57c59b5206ba7157869f8b214') in 0.015054 seconds
  Import took 0.018667 seconds .

========================================================================
Received Prepare
Registering precompiled user dll's ...
Registered in 0.001046 seconds.
Begin MonoManager ReloadAssembly
Native extension for WindowsStandalone target not found
Refreshing native plugins compatible for Editor in 0.31 ms, found 0 plugins.
Preloading 0 native plugins for Editor in 0.00 ms.
Invoked RoslynAnalysisRunner static constructor.
RoslynAnalysisRunner will not be running.
RoslynAnalysisRunner has terminated.
Mono: successfully reloaded assembly
- Completed reload, in  0.803 seconds
Platform modules already initialized, skipping
Refreshing native plugins compatible for Editor in 0.33 ms, found 0 plugins.
Preloading 0 native plugins for Editor in 0.00 ms.
Unloading 1112 Unused Serialized files (Serialized files now loaded: 0)
System memory in use before: 63.0 MB.
System memory in use after: 63.1 MB.

Unloading 5 unused Assets to reduce memory usage. Loaded Objects now: 1610.
Total: 2.586900 ms (FindLiveObjects: 0.325500 ms CreateObjectMapping: 0.057200 ms MarkObjects: 2.119900 ms  DeleteObjects: 0.080200 ms)

========================================================================
Received Import Request.
  Time since last request: 251.145789 seconds.
  path: Assets/Scripts/CharacterMovement.cs
  artifactKey: Guid(82e4a546ce0dfdf46ad59743e74858a8) Importer(815301076,1909f56bfc062723c751e8b465ee728b)
Start importing Assets/Scripts/CharacterMovement.cs using Guid(82e4a546ce0dfdf46ad59743e74858a8) Importer(815301076,1909f56bfc062723c751e8b465ee728b)  -> (artifact id: 'e42daf898c8097f29c8ffb8b65c474e2') in 0.009810 seconds
  Import took 0.013241 seconds .

========================================================================
Received Import Request.
  Time since last request: 0.018077 seconds.
  path: Assets/Scripts/Class1.cs
  artifactKey: Guid(01eaeb43257255f43961afbd887e2b77) Importer(815301076,1909f56bfc062723c751e8b465ee728b)
Start importing Assets/Scripts/Class1.cs using Guid(01eaeb43257255f43961afbd887e2b77) Importer(815301076,1909f56bfc062723c751e8b465ee728b)  -> (artifact id: '62b8fe707bc9e97fd8105158d36fd6b9') in 0.013823 seconds
  Import took 0.018298 seconds .

========================================================================
Received Import Request.
  Time since last request: 0.013375 seconds.
  path: Assets/Scripts/Class1.cs
  artifactKey: Guid(01eaeb43257255f43961afbd887e2b77) Importer(815301076,1909f56bfc062723c751e8b465ee728b)
Start importing Assets/Scripts/Class1.cs using Guid(01eaeb43257255f43961afbd887e2b77) Importer(815301076,1909f56bfc062723c751e8b465ee728b)  -> (artifact id: '62b8fe707bc9e97fd8105158d36fd6b9') in 0.017197 seconds
  Import took 0.021057 seconds .

========================================================================
Received Prepare
Registering precompiled user dll's ...
Registered in 0.000879 seconds.
Begin MonoManager ReloadAssembly
Native extension for WindowsStandalone target not found
Refreshing native plugins compatible for Editor in 0.26 ms, found 0 plugins.
Preloading 0 native plugins for Editor in 0.00 ms.
Invoked RoslynAnalysisRunner static constructor.
RoslynAnalysisRunner will not be running.
RoslynAnalysisRunner has terminated.
Mono: successfully reloaded assembly
- Completed reload, in  0.851 seconds
Platform modules already initialized, skipping
Refreshing native plugins compatible for Editor in 0.21 ms, found 0 plugins.
Preloading 0 native plugins for Editor in 0.00 ms.
Unloading 1111 Unused Serialized files (Serialized files now loaded: 0)
System memory in use before: 63.0 MB.
System memory in use after: 63.1 MB.

Unloading 6 unused Assets to reduce memory usage. Loaded Objects now: 1612.
Total: 2.522700 ms (FindLiveObjects: 0.321300 ms CreateObjectMapping: 0.043600 ms MarkObjects: 2.075600 ms  DeleteObjects: 0.080600 ms)

========================================================================
Received Import Request.
  Time since last request: 24.344729 seconds.
  path: Assets/Scripts/PlayerController1.cs
  artifactKey: Guid(9466c20798288b341b539d0bc665a593) Importer(815301076,1909f56bfc062723c751e8b465ee728b)
Start importing Assets/Scripts/PlayerController1.cs using Guid(9466c20798288b341b539d0bc665a593) Importer(815301076,1909f56bfc062723c751e8b465ee728b)  -> (artifact id: '665c541433380bc46a82b550ad8ba90b') in 0.018900 seconds
  Import took 0.022529 seconds .

========================================================================
Received Prepare
Registering precompiled user dll's ...
Registered in 0.001270 seconds.
Begin MonoManager ReloadAssembly
Native extension for WindowsStandalone target not found
Refreshing native plugins compatible for Editor in 0.23 ms, found 0 plugins.
Preloading 0 native plugins for Editor in 0.00 ms.
Invoked RoslynAnalysisRunner static constructor.
RoslynAnalysisRunner will not be running.
RoslynAnalysisRunner has terminated.
Mono: successfully reloaded assembly
- Completed reload, in  0.781 seconds
Platform modules already initialized, skipping
Refreshing native plugins compatible for Editor in 0.23 ms, found 0 plugins.
Preloading 0 native plugins for Editor in 0.00 ms.
Unloading 1112 Unused Serialized files (Serialized files now loaded: 0)
System memory in use before: 63.0 MB.
System memory in use after: 63.1 MB.

Unloading 5 unused Assets to reduce memory usage. Loaded Objects now: 1616.
Total: 3.265200 ms (FindLiveObjects: 0.395000 ms CreateObjectMapping: 0.075400 ms MarkObjects: 2.710200 ms  DeleteObjects: 0.082000 ms)

========================================================================
Received Import Request.
  Time since last request: 16.023263 seconds.
  path: Assets/Scripts/PlayerController2.cs
  artifactKey: Guid(affd53d8345f63e4c895e42565671091) Importer(815301076,1909f56bfc062723c751e8b465ee728b)
Start importing Assets/Scripts/PlayerController2.cs using Guid(affd53d8345f63e4c895e42565671091) Importer(815301076,1909f56bfc062723c751e8b465ee728b)  -> (artifact id: '952a24f9e7452a2ec1f5c90da03111dc') in 0.014479 seconds
  Import took 0.019005 seconds .

========================================================================
Received Import Request.
  Time since last request: 2.438929 seconds.
  path: Assets/Scripts/CharacterMovement1.cs
  artifactKey: Guid(45d6c3ac87b469043b5281c253c4c878) Importer(815301076,1909f56bfc062723c751e8b465ee728b)
Start importing Assets/Scripts/CharacterMovement1.cs using Guid(45d6c3ac87b469043b5281c253c4c878) Importer(815301076,1909f56bfc062723c751e8b465ee728b)  -> (artifact id: '45875a9f35bb379368bda356eb635f27') in 0.010445 seconds
  Import took 0.014971 seconds .

========================================================================
Received Import Request.
  Time since last request: 0.001913 seconds.
  path: Assets/Scripts/CharacterMovement1.cs
  artifactKey: Guid(45d6c3ac87b469043b5281c253c4c878) Importer(815301076,1909f56bfc062723c751e8b465ee728b)
Start importing Assets/Scripts/CharacterMovement1.cs using Guid(45d6c3ac87b469043b5281c253c4c878) Importer(815301076,1909f56bfc062723c751e8b465ee728b)  -> (artifact id: '45875a9f35bb379368bda356eb635f27') in 0.004430 seconds
  Import took 0.007975 seconds .

========================================================================
Received Import Request.
  Time since last request: 4.865891 seconds.
  path: Assets/Scripts/CharacterMovement2.cs
  artifactKey: Guid(ae2fe18a54cea114086b922a4387b948) Importer(815301076,1909f56bfc062723c751e8b465ee728b)
Start importing Assets/Scripts/CharacterMovement2.cs using Guid(ae2fe18a54cea114086b922a4387b948) Importer(815301076,1909f56bfc062723c751e8b465ee728b)  -> (artifact id: 'ffdb084a29e2923d3d71f94ddb1a249e') in 0.008146 seconds
  Import took 0.012000 seconds .

========================================================================
Received Import Request.
  Time since last request: 1.917014 seconds.
  path: Assets/Scripts/CharacterMovement3.cs
  artifactKey: Guid(ebb0f2a59e7004843a2bf5afd3d9d02c) Importer(815301076,1909f56bfc062723c751e8b465ee728b)
Start importing Assets/Scripts/CharacterMovement3.cs using Guid(ebb0f2a59e7004843a2bf5afd3d9d02c) Importer(815301076,1909f56bfc062723c751e8b465ee728b)  -> (artifact id: '44f9ffee634c6adb375d66b966687c48') in 0.009796 seconds
  Import took 0.012749 seconds .

========================================================================
Received Import Request.
  Time since last request: 0.000429 seconds.
  path: Assets/Scripts/CharacterMovement3.cs
  artifactKey: Guid(ebb0f2a59e7004843a2bf5afd3d9d02c) Importer(815301076,1909f56bfc062723c751e8b465ee728b)
Start importing Assets/Scripts/CharacterMovement3.cs using Guid(ebb0f2a59e7004843a2bf5afd3d9d02c) Importer(815301076,1909f56bfc062723c751e8b465ee728b)  -> (artifact id: '44f9ffee634c6adb375d66b966687c48') in 0.004298 seconds
  Import took 0.006746 seconds .

========================================================================
Received Import Request.
  Time since last request: 11.970859 seconds.
  path: Assets/Scripts/PlayerController3.cs
  artifactKey: Guid(f76ddc2e153045a44b10d3d311af4d9a) Importer(815301076,1909f56bfc062723c751e8b465ee728b)
Start importing Assets/Scripts/PlayerController3.cs using Guid(f76ddc2e153045a44b10d3d311af4d9a) Importer(815301076,1909f56bfc062723c751e8b465ee728b)  -> (artifact id: '13521c1b4ce66a25b39053452dd608b1') in 0.009714 seconds
  Import took 0.013606 seconds .

========================================================================
Received Import Request.
  Time since last request: 0.001048 seconds.
  path: Assets/Scripts/PlayerController3.cs
  artifactKey: Guid(f76ddc2e153045a44b10d3d311af4d9a) Importer(815301076,1909f56bfc062723c751e8b465ee728b)
Start importing Assets/Scripts/PlayerController3.cs using Guid(f76ddc2e153045a44b10d3d311af4d9a) Importer(815301076,1909f56bfc062723c751e8b465ee728b)  -> (artifact id: '13521c1b4ce66a25b39053452dd608b1') in 0.006811 seconds
  Import took 0.009198 seconds .

========================================================================
Received Prepare
Registering precompiled user dll's ...
Registered in 0.000943 seconds.
Begin MonoManager ReloadAssembly
Native extension for WindowsStandalone target not found
Refreshing native plugins compatible for Editor in 0.21 ms, found 0 plugins.
Preloading 0 native plugins for Editor in 0.00 ms.
Invoked RoslynAnalysisRunner static constructor.
RoslynAnalysisRunner will not be running.
RoslynAnalysisRunner has terminated.
Mono: successfully reloaded assembly
- Completed reload, in  0.809 seconds
Platform modules already initialized, skipping
Refreshing native plugins compatible for Editor in 0.22 ms, found 0 plugins.
Preloading 0 native plugins for Editor in 0.00 ms.
Unloading 1110 Unused Serialized files (Serialized files now loaded: 0)
System memory in use before: 63.0 MB.
System memory in use after: 63.1 MB.

Unloading 7 unused Assets to reduce memory usage. Loaded Objects now: 1617.
Total: 1.926200 ms (FindLiveObjects: 0.282500 ms CreateObjectMapping: 0.040200 ms MarkObjects: 1.530100 ms  DeleteObjects: 0.070600 ms)

========================================================================
Received Prepare
Registering precompiled user dll's ...
Registered in 0.000934 seconds.
Begin MonoManager ReloadAssembly
Native extension for WindowsStandalone target not found
Refreshing native plugins compatible for Editor in 0.23 ms, found 0 plugins.
Preloading 0 native plugins for Editor in 0.00 ms.
Invoked RoslynAnalysisRunner static constructor.
RoslynAnalysisRunner will not be running.
RoslynAnalysisRunner has terminated.
Mono: successfully reloaded assembly
- Completed reload, in  0.751 seconds
Platform modules already initialized, skipping
Refreshing native plugins compatible for Editor in 0.22 ms, found 0 plugins.
Preloading 0 native plugins for Editor in 0.00 ms.
Unloading 1110 Unused Serialized files (Serialized files now loaded: 0)
System memory in use before: 63.0 MB.
System memory in use after: 63.1 MB.

Unloading 5 unused Assets to reduce memory usage. Loaded Objects now: 1620.
Total: 1.881500 ms (FindLiveObjects: 0.288300 ms CreateObjectMapping: 0.054500 ms MarkObjects: 1.474600 ms  DeleteObjects: 0.061900 ms)

========================================================================
Received Import Request.
  Time since last request: 345.584037 seconds.
  path: Assets/Scripts/PlayerController.cs
  artifactKey: Guid(09a1d2a431ef63d45be1cdb7904d559a) Importer(815301076,1909f56bfc062723c751e8b465ee728b)
Start importing Assets/Scripts/PlayerController.cs using Guid(09a1d2a431ef63d45be1cdb7904d559a) Importer(815301076,1909f56bfc062723c751e8b465ee728b)  -> (artifact id: '255b558546a88076b81d96f548bbe4ec') in 0.005213 seconds
  Import took 0.007550 seconds .

========================================================================
Received Prepare
Registering precompiled user dll's ...
Registered in 0.001076 seconds.
Begin MonoManager ReloadAssembly
Native extension for WindowsStandalone target not found
Refreshing native plugins compatible for Editor in 0.22 ms, found 0 plugins.
Preloading 0 native plugins for Editor in 0.00 ms.
Invoked RoslynAnalysisRunner static constructor.
RoslynAnalysisRunner will not be running.
RoslynAnalysisRunner has terminated.
Mono: successfully reloaded assembly
- Completed reload, in  0.756 seconds
Platform modules already initialized, skipping
Refreshing native plugins compatible for Editor in 0.22 ms, found 0 plugins.
Preloading 0 native plugins for Editor in 0.00 ms.
Unloading 1110 Unused Serialized files (Serialized files now loaded: 0)
System memory in use before: 63.0 MB.
System memory in use after: 63.1 MB.

Unloading 5 unused Assets to reduce memory usage. Loaded Objects now: 1623.
Total: 3.217000 ms (FindLiveObjects: 0.489200 ms CreateObjectMapping: 0.086400 ms MarkObjects: 2.575800 ms  DeleteObjects: 0.063100 ms)

========================================================================
Received Prepare
Registering precompiled user dll's ...
Registered in 0.001126 seconds.
Begin MonoManager ReloadAssembly
Native extension for WindowsStandalone target not found
Refreshing native plugins compatible for Editor in 0.22 ms, found 0 plugins.
Preloading 0 native plugins for Editor in 0.00 ms.
Invoked RoslynAnalysisRunner static constructor.
RoslynAnalysisRunner will not be running.
RoslynAnalysisRunner has terminated.
Mono: successfully reloaded assembly
- Completed reload, in  0.788 seconds
Platform modules already initialized, skipping
Refreshing native plugins compatible for Editor in 0.32 ms, found 0 plugins.
Preloading 0 native plugins for Editor in 0.00 ms.
Unloading 1110 Unused Serialized files (Serialized files now loaded: 0)
System memory in use before: 63.0 MB.
System memory in use after: 63.1 MB.

Unloading 5 unused Assets to reduce memory usage. Loaded Objects now: 1626.
Total: 2.954000 ms (FindLiveObjects: 0.362800 ms CreateObjectMapping: 0.181200 ms MarkObjects: 2.232000 ms  DeleteObjects: 0.175100 ms)

========================================================================
Received Import Request.
  Time since last request: 167.872780 seconds.
  path: Assets/Scripts/PlayerMovement.cs
  artifactKey: Guid(d8b94bae9ddc0fc468e54b96a6dadd44) Importer(815301076,1909f56bfc062723c751e8b465ee728b)
Start importing Assets/Scripts/PlayerMovement.cs using Guid(d8b94bae9ddc0fc468e54b96a6dadd44) Importer(815301076,1909f56bfc062723c751e8b465ee728b)  -> (artifact id: '307945d9427042afcba45f37046ff25e') in 0.005790 seconds
  Import took 0.046796 seconds .

========================================================================
Received Prepare
Registering precompiled user dll's ...
Registered in 0.001139 seconds.
Begin MonoManager ReloadAssembly
Native extension for WindowsStandalone target not found
Refreshing native plugins compatible for Editor in 0.22 ms, found 0 plugins.
Preloading 0 native plugins for Editor in 0.00 ms.
Invoked RoslynAnalysisRunner static constructor.
RoslynAnalysisRunner will not be running.
RoslynAnalysisRunner has terminated.
Mono: successfully reloaded assembly
- Completed reload, in  0.844 seconds
Platform modules already initialized, skipping
Refreshing native plugins compatible for Editor in 0.22 ms, found 0 plugins.
Preloading 0 native plugins for Editor in 0.00 ms.
Unloading 1110 Unused Serialized files (Serialized files now loaded: 0)
System memory in use before: 63.0 MB.
System memory in use after: 63.1 MB.

Unloading 5 unused Assets to reduce memory usage. Loaded Objects now: 1629.
Total: 2.503900 ms (FindLiveObjects: 0.362600 ms CreateObjectMapping: 0.067300 ms MarkObjects: 1.997700 ms  DeleteObjects: 0.074600 ms)

========================================================================
Received Import Request.
  Time since last request: 71.421447 seconds.
  path: Assets/Scripts/PlayerMovement.cs
  artifactKey: Guid(d8b94bae9ddc0fc468e54b96a6dadd44) Importer(815301076,1909f56bfc062723c751e8b465ee728b)
Start importing Assets/Scripts/PlayerMovement.cs using Guid(d8b94bae9ddc0fc468e54b96a6dadd44) Importer(815301076,1909f56bfc062723c751e8b465ee728b)  -> (artifact id: '984afca89b20f185572fa7cc95e11a1d') in 0.008674 seconds
  Import took 0.023430 seconds .

========================================================================
Received Prepare
Registering precompiled user dll's ...
Registered in 0.001586 seconds.
Begin MonoManager ReloadAssembly
Native extension for WindowsStandalone target not found
Refreshing native plugins compatible for Editor in 0.29 ms, found 0 plugins.
Preloading 0 native plugins for Editor in 0.00 ms.
Invoked RoslynAnalysisRunner static constructor.
RoslynAnalysisRunner will not be running.
RoslynAnalysisRunner has terminated.
Mono: successfully reloaded assembly
- Completed reload, in  0.816 seconds
Platform modules already initialized, skipping
Refreshing native plugins compatible for Editor in 0.23 ms, found 0 plugins.
Preloading 0 native plugins for Editor in 0.00 ms.
Unloading 1110 Unused Serialized files (Serialized files now loaded: 0)
System memory in use before: 63.0 MB.
System memory in use after: 63.1 MB.

Unloading 5 unused Assets to reduce memory usage. Loaded Objects now: 1632.
Total: 2.427400 ms (FindLiveObjects: 0.376500 ms CreateObjectMapping: 0.091700 ms MarkObjects: 1.893400 ms  DeleteObjects: 0.063300 ms)

========================================================================
Received Prepare
Registering precompiled user dll's ...
Registered in 0.000862 seconds.
Begin MonoManager ReloadAssembly
Native extension for WindowsStandalone target not found
Refreshing native plugins compatible for Editor in 0.22 ms, found 0 plugins.
Preloading 0 native plugins for Editor in 0.00 ms.
Invoked RoslynAnalysisRunner static constructor.
RoslynAnalysisRunner will not be running.
RoslynAnalysisRunner has terminated.
Mono: successfully reloaded assembly
- Completed reload, in  0.738 seconds
Platform modules already initialized, skipping
Refreshing native plugins compatible for Editor in 0.34 ms, found 0 plugins.
Preloading 0 native plugins for Editor in 0.00 ms.
Unloading 1110 Unused Serialized files (Serialized files now loaded: 0)
System memory in use before: 63.0 MB.
System memory in use after: 63.1 MB.

Unloading 5 unused Assets to reduce memory usage. Loaded Objects now: 1635.
Total: 3.364300 ms (FindLiveObjects: 0.329400 ms CreateObjectMapping: 0.056700 ms MarkObjects: 2.867500 ms  DeleteObjects: 0.107500 ms)

========================================================================
Received Prepare
Registering precompiled user dll's ...
Registered in 0.001083 seconds.
Begin MonoManager ReloadAssembly
Native extension for WindowsStandalone target not found
Refreshing native plugins compatible for Editor in 0.34 ms, found 0 plugins.
Preloading 0 native plugins for Editor in 0.00 ms.
Invoked RoslynAnalysisRunner static constructor.
RoslynAnalysisRunner will not be running.
RoslynAnalysisRunner has terminated.
Mono: successfully reloaded assembly
- Completed reload, in  0.955 seconds
Platform modules already initialized, skipping
Refreshing native plugins compatible for Editor in 0.52 ms, found 0 plugins.
Preloading 0 native plugins for Editor in 0.00 ms.
Unloading 1110 Unused Serialized files (Serialized files now loaded: 0)
System memory in use before: 63.0 MB.
System memory in use after: 63.1 MB.

Unloading 5 unused Assets to reduce memory usage. Loaded Objects now: 1638.
Total: 3.255700 ms (FindLiveObjects: 0.391100 ms CreateObjectMapping: 0.045900 ms MarkObjects: 2.736400 ms  DeleteObjects: 0.079800 ms)

========================================================================
Received Prepare
Registering precompiled user dll's ...
Registered in 0.001069 seconds.
Begin MonoManager ReloadAssembly
Native extension for WindowsStandalone target not found
Refreshing native plugins compatible for Editor in 0.27 ms, found 0 plugins.
Preloading 0 native plugins for Editor in 0.00 ms.
Invoked RoslynAnalysisRunner static constructor.
RoslynAnalysisRunner will not be running.
RoslynAnalysisRunner has terminated.
Mono: successfully reloaded assembly
- Completed reload, in  0.766 seconds
Platform modules already initialized, skipping
Refreshing native plugins compatible for Editor in 0.25 ms, found 0 plugins.
Preloading 0 native plugins for Editor in 0.00 ms.
Unloading 1110 Unused Serialized files (Serialized files now loaded: 0)
System memory in use before: 63.0 MB.
System memory in use after: 63.1 MB.

Unloading 5 unused Assets to reduce memory usage. Loaded Objects now: 1641.
Total: 2.866500 ms (FindLiveObjects: 0.314700 ms CreateObjectMapping: 0.089500 ms MarkObjects: 2.399900 ms  DeleteObjects: 0.059700 ms)

========================================================================
Received Prepare
Registering precompiled user dll's ...
Registered in 0.000864 seconds.
Begin MonoManager ReloadAssembly
Native extension for WindowsStandalone target not found
Refreshing native plugins compatible for Editor in 0.23 ms, found 0 plugins.
Preloading 0 native plugins for Editor in 0.00 ms.
Invoked RoslynAnalysisRunner static constructor.
RoslynAnalysisRunner will not be running.
RoslynAnalysisRunner has terminated.
Mono: successfully reloaded assembly
- Completed reload, in  0.755 seconds
Platform modules already initialized, skipping
Refreshing native plugins compatible for Editor in 0.25 ms, found 0 plugins.
Preloading 0 native plugins for Editor in 0.00 ms.
Unloading 1110 Unused Serialized files (Serialized files now loaded: 0)
System memory in use before: 63.0 MB.
System memory in use after: 63.1 MB.

Unloading 5 unused Assets to reduce memory usage. Loaded Objects now: 1644.
Total: 2.356700 ms (FindLiveObjects: 0.405900 ms CreateObjectMapping: 0.084400 ms MarkObjects: 1.794600 ms  DeleteObjects: 0.069800 ms)

========================================================================
Received Prepare
Registering precompiled user dll's ...
Registered in 0.000905 seconds.
Begin MonoManager ReloadAssembly
Native extension for WindowsStandalone target not found
Refreshing native plugins compatible for Editor in 0.22 ms, found 0 plugins.
Preloading 0 native plugins for Editor in 0.00 ms.
Invoked RoslynAnalysisRunner static constructor.
RoslynAnalysisRunner will not be running.
RoslynAnalysisRunner has terminated.
Mono: successfully reloaded assembly
- Completed reload, in  0.737 seconds
Platform modules already initialized, skipping
Refreshing native plugins compatible for Editor in 0.45 ms, found 0 plugins.
Preloading 0 native plugins for Editor in 0.00 ms.
Unloading 1110 Unused Serialized files (Serialized files now loaded: 0)
System memory in use before: 63.0 MB.
System memory in use after: 63.1 MB.

Unloading 5 unused Assets to reduce memory usage. Loaded Objects now: 1647.
Total: 2.656000 ms (FindLiveObjects: 0.214400 ms CreateObjectMapping: 0.034800 ms MarkObjects: 2.313300 ms  DeleteObjects: 0.091800 ms)

========================================================================
Received Prepare
Registering precompiled user dll's ...
Registered in 0.002001 seconds.
Begin MonoManager ReloadAssembly
Native extension for WindowsStandalone target not found
Refreshing native plugins compatible for Editor in 0.52 ms, found 0 plugins.
Preloading 0 native plugins for Editor in 0.00 ms.
Invoked RoslynAnalysisRunner static constructor.
RoslynAnalysisRunner will not be running.
RoslynAnalysisRunner has terminated.
Mono: successfully reloaded assembly
- Completed reload, in  0.937 seconds
Platform modules already initialized, skipping
Refreshing native plugins compatible for Editor in 0.31 ms, found 0 plugins.
Preloading 0 native plugins for Editor in 0.00 ms.
Unloading 1110 Unused Serialized files (Serialized files now loaded: 0)
System memory in use before: 63.0 MB.
System memory in use after: 63.1 MB.

Unloading 5 unused Assets to reduce memory usage. Loaded Objects now: 1650.
Total: 3.061800 ms (FindLiveObjects: 0.533300 ms CreateObjectMapping: 0.072400 ms MarkObjects: 2.368000 ms  DeleteObjects: 0.084000 ms)

========================================================================
Received Prepare
Registering precompiled user dll's ...
Registered in 0.000945 seconds.
Begin MonoManager ReloadAssembly
Native extension for WindowsStandalone target not found
Refreshing native plugins compatible for Editor in 0.46 ms, found 0 plugins.
Preloading 0 native plugins for Editor in 0.00 ms.
Invoked RoslynAnalysisRunner static constructor.
RoslynAnalysisRunner will not be running.
RoslynAnalysisRunner has terminated.
Mono: successfully reloaded assembly
- Completed reload, in  0.876 seconds
Platform modules already initialized, skipping
Refreshing native plugins compatible for Editor in 0.30 ms, found 0 plugins.
Preloading 0 native plugins for Editor in 0.00 ms.
Unloading 1110 Unused Serialized files (Serialized files now loaded: 0)
System memory in use before: 63.1 MB.
System memory in use after: 63.1 MB.

Unloading 5 unused Assets to reduce memory usage. Loaded Objects now: 1653.
Total: 4.858600 ms (FindLiveObjects: 1.025700 ms CreateObjectMapping: 0.159000 ms MarkObjects: 3.476600 ms  DeleteObjects: 0.193800 ms)

========================================================================
Received Prepare
Registering precompiled user dll's ...
Registered in 0.001754 seconds.
Begin MonoManager ReloadAssembly
Native extension for WindowsStandalone target not found
Refreshing native plugins compatible for Editor in 0.21 ms, found 0 plugins.
Preloading 0 native plugins for Editor in 0.00 ms.
Invoked RoslynAnalysisRunner static constructor.
RoslynAnalysisRunner will not be running.
RoslynAnalysisRunner has terminated.
Mono: successfully reloaded assembly
- Completed reload, in  0.838 seconds
Platform modules already initialized, skipping
Refreshing native plugins compatible for Editor in 0.21 ms, found 0 plugins.
Preloading 0 native plugins for Editor in 0.00 ms.
Unloading 1110 Unused Serialized files (Serialized files now loaded: 0)
System memory in use before: 63.1 MB.
System memory in use after: 63.1 MB.

Unloading 5 unused Assets to reduce memory usage. Loaded Objects now: 1656.
Total: 1.865500 ms (FindLiveObjects: 0.232800 ms CreateObjectMapping: 0.051500 ms MarkObjects: 1.510900 ms  DeleteObjects: 0.068200 ms)

========================================================================
Received Prepare
Registering precompiled user dll's ...
Registered in 0.000929 seconds.
Begin MonoManager ReloadAssembly
Native extension for WindowsStandalone target not found
Refreshing native plugins compatible for Editor in 0.22 ms, found 0 plugins.
Preloading 0 native plugins for Editor in 0.00 ms.
Invoked RoslynAnalysisRunner static constructor.
RoslynAnalysisRunner will not be running.
RoslynAnalysisRunner has terminated.
Mono: successfully reloaded assembly
- Completed reload, in  0.813 seconds
Platform modules already initialized, skipping
Refreshing native plugins compatible for Editor in 0.21 ms, found 0 plugins.
Preloading 0 native plugins for Editor in 0.00 ms.
Unloading 1110 Unused Serialized files (Serialized files now loaded: 0)
System memory in use before: 63.1 MB.
System memory in use after: 63.1 MB.

Unloading 5 unused Assets to reduce memory usage. Loaded Objects now: 1659.
Total: 2.725600 ms (FindLiveObjects: 0.247200 ms CreateObjectMapping: 0.035900 ms MarkObjects: 2.379500 ms  DeleteObjects: 0.061400 ms)

========================================================================
Received Prepare
Registering precompiled user dll's ...
Registered in 0.000981 seconds.
Begin MonoManager ReloadAssembly
Native extension for WindowsStandalone target not found
Refreshing native plugins compatible for Editor in 0.21 ms, found 0 plugins.
Preloading 0 native plugins for Editor in 0.00 ms.
Invoked RoslynAnalysisRunner static constructor.
RoslynAnalysisRunner will not be running.
RoslynAnalysisRunner has terminated.
Mono: successfully reloaded assembly
- Completed reload, in  0.785 seconds
Platform modules already initialized, skipping
Refreshing native plugins compatible for Editor in 0.24 ms, found 0 plugins.
Preloading 0 native plugins for Editor in 0.00 ms.
Unloading 1110 Unused Serialized files (Serialized files now loaded: 0)
System memory in use before: 63.1 MB.
System memory in use after: 63.2 MB.

Unloading 5 unused Assets to reduce memory usage. Loaded Objects now: 1662.
Total: 2.311000 ms (FindLiveObjects: 0.297100 ms CreateObjectMapping: 0.070500 ms MarkObjects: 1.881000 ms  DeleteObjects: 0.060600 ms)

========================================================================
Received Prepare
Registering precompiled user dll's ...
Registered in 0.002403 seconds.
Begin MonoManager ReloadAssembly
Native extension for WindowsStandalone target not found
Refreshing native plugins compatible for Editor in 0.25 ms, found 0 plugins.
Preloading 0 native plugins for Editor in 0.00 ms.
Invoked RoslynAnalysisRunner static constructor.
RoslynAnalysisRunner will not be running.
RoslynAnalysisRunner has terminated.
Mono: successfully reloaded assembly
- Completed reload, in  0.945 seconds
Platform modules already initialized, skipping
Refreshing native plugins compatible for Editor in 0.66 ms, found 0 plugins.
Preloading 0 native plugins for Editor in 0.00 ms.
Unloading 1110 Unused Serialized files (Serialized files now loaded: 0)
System memory in use before: 63.1 MB.
System memory in use after: 63.2 MB.

Unloading 5 unused Assets to reduce memory usage. Loaded Objects now: 1665.
Total: 2.026800 ms (FindLiveObjects: 0.216400 ms CreateObjectMapping: 0.039500 ms MarkObjects: 1.706200 ms  DeleteObjects: 0.062300 ms)

========================================================================
Received Prepare
Registering precompiled user dll's ...
Registered in 0.001311 seconds.
Begin MonoManager ReloadAssembly
Native extension for WindowsStandalone target not found
Refreshing native plugins compatible for Editor in 0.22 ms, found 0 plugins.
Preloading 0 native plugins for Editor in 0.00 ms.
Invoked RoslynAnalysisRunner static constructor.
RoslynAnalysisRunner will not be running.
RoslynAnalysisRunner has terminated.
Mono: successfully reloaded assembly
- Completed reload, in  0.758 seconds
Platform modules already initialized, skipping
Refreshing native plugins compatible for Editor in 0.31 ms, found 0 plugins.
Preloading 0 native plugins for Editor in 0.00 ms.
Unloading 1110 Unused Serialized files (Serialized files now loaded: 0)
System memory in use before: 63.1 MB.
System memory in use after: 63.2 MB.

Unloading 5 unused Assets to reduce memory usage. Loaded Objects now: 1668.
Total: 1.854700 ms (FindLiveObjects: 0.280900 ms CreateObjectMapping: 0.034800 ms MarkObjects: 1.473600 ms  DeleteObjects: 0.062500 ms)

========================================================================
Received Import Request.
  Time since last request: 2448.180482 seconds.
  path: Assets/Scripts/CameraController.cs
  artifactKey: Guid(18f423e0026feea4aa26969609dee342) Importer(815301076,1909f56bfc062723c751e8b465ee728b)
Start importing Assets/Scripts/CameraController.cs using Guid(18f423e0026feea4aa26969609dee342) Importer(815301076,1909f56bfc062723c751e8b465ee728b)  -> (artifact id: '19db4cb4397a804a1655ede003631691') in 0.016287 seconds
  Import took 0.020155 seconds .

========================================================================
Received Prepare
Registering precompiled user dll's ...
Registered in 0.000925 seconds.
Begin MonoManager ReloadAssembly
Native extension for WindowsStandalone target not found
Refreshing native plugins compatible for Editor in 0.25 ms, found 0 plugins.
Preloading 0 native plugins for Editor in 0.00 ms.
Invoked RoslynAnalysisRunner static constructor.
RoslynAnalysisRunner will not be running.
RoslynAnalysisRunner has terminated.
Mono: successfully reloaded assembly
- Completed reload, in  0.800 seconds
Platform modules already initialized, skipping
Refreshing native plugins compatible for Editor in 0.21 ms, found 0 plugins.
Preloading 0 native plugins for Editor in 0.00 ms.
Unloading 1111 Unused Serialized files (Serialized files now loaded: 0)
System memory in use before: 63.1 MB.
System memory in use after: 63.2 MB.

Unloading 5 unused Assets to reduce memory usage. Loaded Objects now: 1672.
Total: 2.560800 ms (FindLiveObjects: 0.358000 ms CreateObjectMapping: 0.078100 ms MarkObjects: 2.052900 ms  DeleteObjects: 0.070100 ms)

========================================================================
Received Prepare
Registering precompiled user dll's ...
Registered in 0.001014 seconds.
Begin MonoManager ReloadAssembly
Native extension for WindowsStandalone target not found
Refreshing native plugins compatible for Editor in 0.21 ms, found 0 plugins.
Preloading 0 native plugins for Editor in 0.00 ms.
Invoked RoslynAnalysisRunner static constructor.
RoslynAnalysisRunner will not be running.
RoslynAnalysisRunner has terminated.
Mono: successfully reloaded assembly
- Completed reload, in  0.748 seconds
Platform modules already initialized, skipping
Refreshing native plugins compatible for Editor in 0.23 ms, found 0 plugins.
Preloading 0 native plugins for Editor in 0.00 ms.
Unloading 1111 Unused Serialized files (Serialized files now loaded: 0)
System memory in use before: 63.1 MB.
System memory in use after: 63.2 MB.

Unloading 5 unused Assets to reduce memory usage. Loaded Objects now: 1675.
Total: 2.131500 ms (FindLiveObjects: 0.328400 ms CreateObjectMapping: 0.076600 ms MarkObjects: 1.661100 ms  DeleteObjects: 0.061400 ms)

========================================================================
Received Prepare
Registering precompiled user dll's ...
Registered in 0.001943 seconds.
Begin MonoManager ReloadAssembly
Native extension for WindowsStandalone target not found
Refreshing native plugins compatible for Editor in 0.24 ms, found 0 plugins.
Preloading 0 native plugins for Editor in 0.00 ms.
Invoked RoslynAnalysisRunner static constructor.
RoslynAnalysisRunner will not be running.
RoslynAnalysisRunner has terminated.
Mono: successfully reloaded assembly
- Completed reload, in  0.775 seconds
Platform modules already initialized, skipping
Refreshing native plugins compatible for Editor in 0.26 ms, found 0 plugins.
Preloading 0 native plugins for Editor in 0.00 ms.
Unloading 1111 Unused Serialized files (Serialized files now loaded: 0)
System memory in use before: 63.1 MB.
System memory in use after: 63.2 MB.

Unloading 5 unused Assets to reduce memory usage. Loaded Objects now: 1678.
Total: 1.908000 ms (FindLiveObjects: 0.283700 ms CreateObjectMapping: 0.031000 ms MarkObjects: 1.524400 ms  DeleteObjects: 0.065600 ms)

========================================================================
Received Prepare
Registering precompiled user dll's ...
Registered in 0.000883 seconds.
Begin MonoManager ReloadAssembly
Native extension for WindowsStandalone target not found
Refreshing native plugins compatible for Editor in 0.23 ms, found 0 plugins.
Preloading 0 native plugins for Editor in 0.00 ms.
Invoked RoslynAnalysisRunner static constructor.
RoslynAnalysisRunner will not be running.
RoslynAnalysisRunner has terminated.
Mono: successfully reloaded assembly
- Completed reload, in  0.748 seconds
Platform modules already initialized, skipping
Refreshing native plugins compatible for Editor in 0.21 ms, found 0 plugins.
Preloading 0 native plugins for Editor in 0.00 ms.
Unloading 1111 Unused Serialized files (Serialized files now loaded: 0)
System memory in use before: 63.1 MB.
System memory in use after: 63.2 MB.

Unloading 5 unused Assets to reduce memory usage. Loaded Objects now: 1681.
Total: 2.941000 ms (FindLiveObjects: 0.448100 ms CreateObjectMapping: 0.085400 ms MarkObjects: 2.324000 ms  DeleteObjects: 0.080400 ms)

========================================================================
Received Prepare
Registering precompiled user dll's ...
Registered in 0.001407 seconds.
Begin MonoManager ReloadAssembly
Native extension for WindowsStandalone target not found
Refreshing native plugins compatible for Editor in 1.22 ms, found 0 plugins.
Preloading 0 native plugins for Editor in 0.00 ms.
Invoked RoslynAnalysisRunner static constructor.
RoslynAnalysisRunner will not be running.
RoslynAnalysisRunner has terminated.
Mono: successfully reloaded assembly
- Completed reload, in  1.039 seconds
Platform modules already initialized, skipping
Refreshing native plugins compatible for Editor in 0.31 ms, found 0 plugins.
Preloading 0 native plugins for Editor in 0.00 ms.
Unloading 1111 Unused Serialized files (Serialized files now loaded: 0)
System memory in use before: 63.1 MB.
System memory in use after: 63.2 MB.

Unloading 5 unused Assets to reduce memory usage. Loaded Objects now: 1684.
Total: 3.749400 ms (FindLiveObjects: 0.442500 ms CreateObjectMapping: 0.064300 ms MarkObjects: 3.157700 ms  DeleteObjects: 0.081500 ms)

========================================================================
Received Import Request.
  Time since last request: 2059.569643 seconds.
  path: Assets/Scenes/SampleScene.unity
  artifactKey: Guid(9fc0d4010bbf28b4594072e72b8655ab) Importer(815301076,1909f56bfc062723c751e8b465ee728b)
Start importing Assets/Scenes/SampleScene.unity using Guid(9fc0d4010bbf28b4594072e72b8655ab) Importer(815301076,1909f56bfc062723c751e8b465ee728b)  -> (artifact id: '4520c9377145dab8103e036378f829a3') in 0.019825 seconds
  Import took 0.022562 seconds .

========================================================================
Received Import Request.
  Time since last request: 14.859652 seconds.
  path: Assets/Scenes/PrototypeScene.unity
  artifactKey: Guid(06114206352bcce478fc0f6d81388bae) Importer(815301076,1909f56bfc062723c751e8b465ee728b)
Start importing Assets/Scenes/PrototypeScene.unity using Guid(06114206352bcce478fc0f6d81388bae) Importer(815301076,1909f56bfc062723c751e8b465ee728b)  -> (artifact id: '5833379773e446612565881045b3c8ea') in 0.012127 seconds
  Import took 0.027422 seconds .

========================================================================
Received Prepare
Registering precompiled user dll's ...
Registered in 0.001164 seconds.
Begin MonoManager ReloadAssembly
Native extension for WindowsStandalone target not found
Refreshing native plugins compatible for Editor in 0.22 ms, found 0 plugins.
Preloading 0 native plugins for Editor in 0.00 ms.
Invoked RoslynAnalysisRunner static constructor.
RoslynAnalysisRunner will not be running.
RoslynAnalysisRunner has terminated.
Mono: successfully reloaded assembly
- Completed reload, in  0.738 seconds
Platform modules already initialized, skipping
Refreshing native plugins compatible for Editor in 0.21 ms, found 0 plugins.
Preloading 0 native plugins for Editor in 0.00 ms.
Unloading 1111 Unused Serialized files (Serialized files now loaded: 0)
System memory in use before: 63.2 MB.
System memory in use after: 63.2 MB.

Unloading 5 unused Assets to reduce memory usage. Loaded Objects now: 1687.
Total: 1.921100 ms (FindLiveObjects: 0.283100 ms CreateObjectMapping: 0.056200 ms MarkObjects: 1.518800 ms  DeleteObjects: 0.062000 ms)

AssetImportWorkerClient::OnTransportError - code=2 error=End of file
